<?xml version="1.0" encoding="UTF-8"?>
<testng-results skipped="0" failed="0" total="1" passed="1">
  <reporter-output>
  </reporter-output>
  <suite name="Default suite" duration-ms="20650" started-at="2016-03-04T09:11:43Z" finished-at="2016-03-04T09:12:04Z">
    <groups>
    </groups>
    <test name="Default test" duration-ms="20650" started-at="2016-03-04T09:11:43Z" finished-at="2016-03-04T09:12:04Z">
      <class name="demo.selenium.LoginVerify">
        <test-method status="PASS" signature="VerifyLogin()[pri:0, instance:demo.selenium.LoginVerify@1134affc]" name="VerifyLogin" duration-ms="20631" started-at="2016-03-04T17:11:43Z" finished-at="2016-03-04T17:12:04Z">
          <reporter-output>
          </reporter-output>
        </test-method> <!-- VerifyLogin -->
      </class> <!-- demo.selenium.LoginVerify -->
    </test> <!-- Default test -->
  </suite> <!-- Default suite -->
</testng-results>
